INFO    | MainThread| SLAHelper| set_sla_lock ] --> SLA sate is locked? R: True
INFO    | MainThread| DistInfra| create_infrastructure ] --> AZ AZ1 created 13 hosts, availab: 0.999
INFO    | MainThread| DistInfra| create_infrastructure ] --> AZ AZ2 created 7 hosts, availab: 0.999
INFO    | MainThread| DistInfra| create_infrastructure ] --> AZ AZ3 created 7 hosts, availab: 0.999
INFO    | MainThread| DistInfra| create_infrastructure ] --> AZ AZ4 created 12 hosts, availab: 0.999
INFO    | MainThread| DistInfra| create_infrastructure ] --> AZ AZ5 created 31 hosts, availab: 0.999
INFO    | MainThread| DistInfra| create_infrastructure ] --> AZ AZ6 created 31 hosts, availab: 0.999
DEBUG   | MainThread| Chave   | run      ] --> Executing thread for: T_lc0
DEBUG   | MainThread| Chave   | run      ] --> Executing thread for: T_lc1
DEBUG   | MainThread| Chave   | run      ] --> Executing thread for: T_AZ6
DEBUG   | MainThread| Chave   | run      ] --> Executing thread for: T_AZ1
DEBUG   | MainThread| Chave   | run      ] --> Executing thread for: T_AZ2
DEBUG   | MainThread| Chave   | run      ] --> Executing thread for: T_AZ3
DEBUG   | MainThread| Chave   | run      ] --> Executing thread for: T_AZ4
DEBUG   | MainThread| Chave   | run      ] --> Executing thread for: T_AZ5
DEBUG   | MainThread| Chave   | run      ] --> Executing thread for: T_gvt
INFO    | T_gvt   | Chave   | gvt      ] --> Init GVT in -1 to 13982
INFO    | T_AZ1   | Chave   | best_host ] --> Best host for i-5521424F-regular (vcpu:2) is NODE0 (cpu:24.0). ovbCount:0, tax:0 hasOvb? False.
DEBUG   | T_AZ1   | Virtual | set_host_id ] --> Host id NODE0 defined for i-5521424F t:regular, az:AZ1
INFO    | T_AZ1   | Chave   | place    ] --> Allocating i-5521424F in NODE0 regular AZ1
INFO    | T_AZ1   | Physical| force_set_host_on ] --> NEW state: NODE0 turned on? True
DEBUG   | T_gvt   | Chave   | gvt      ] --> GVT s:0, h:0
INFO    | T_AZ1   | Chave   | az_optimized_placement ] --> New max host on: 1 at 0 sec
DEBUG   | T_AZ1   | Chave   | measure_energy ] --> Energy at 0 from START sec is 147.1 WH
INFO    | T_AZ4   | Chave   | best_host ] --> Best host for i-0B284069-regular (vcpu:4) is NODE0 (cpu:8.0). ovbCount:0, tax:0 hasOvb? False.
DEBUG   | T_AZ4   | Virtual | set_host_id ] --> Host id NODE0 defined for i-0B284069 t:regular, az:AZ4
INFO    | T_AZ4   | Chave   | place    ] --> Allocating i-0B284069 in NODE0 regular AZ4
INFO    | T_AZ4   | Physical| force_set_host_on ] --> NEW state: NODE0 turned on? True
INFO    | T_AZ4   | Chave   | az_optimized_placement ] --> New max host on: 1 at 0 sec
DEBUG   | T_AZ4   | Chave   | measure_energy ] --> Energy at 0 from START sec is 157.08 WH
INFO    | T_AZ4   | Chave   | best_host ] --> Best host for i-153C3F8D-regular (vcpu:4) is NODE0 (cpu:4.0). ovbCount:0, tax:0 hasOvb? False.
DEBUG   | T_AZ4   | Virtual | set_host_id ] --> Host id NODE0 defined for i-153C3F8D t:regular, az:AZ4
INFO    | T_AZ4   | Chave   | place    ] --> Allocating i-153C3F8D in NODE0 regular AZ4
INFO    | T_AZ4   | Chave   | avg_energy_h ] --> Media da ultima HORA: 157.08 WH at 0 h (0 s)
DEBUG   | T_AZ4   | Chave   | measure_energy ] --> Energy at 0 from START sec is 172.52 WH
INFO    | T_AZ4   | Chave   | best_host ] --> Best host for i-261C3FE2-critical (vcpu:4) is NODE1 (cpu:8.0). ovbCount:0, tax:0 hasOvb? False.
INFO    | T_AZ4   | Chave   | require_replica ] --> i-261C3FE2-critical require replication! AZ4=?AZ4
INFO    | T_AZ4   | Chave   | replicate_vm ] --> Pool lc1_AZ4_i-261C3FE2 created for replication
DEBUG   | T_AZ4   | Virtual | set_host_id ] --> Host id NODE1 defined for i-261C3FE2 t:critical, az:AZ4
INFO    | T_AZ4   | Chave   | place    ] --> Allocating i-261C3FE2 in NODE1 critical AZ4
INFO    | T_lc1   | DistInfra| get_hosts_density ] --> AZ AZ5 has 0.0% hosts actives
INFO    | T_AZ4   | Physical| force_set_host_on ] --> NEW state: NODE1 turned on? True
INFO    | T_lc1   | DistInfra| get_hosts_density ] --> AZ AZ6 has 0.0% hosts actives
INFO    | T_AZ4   | Chave   | avg_energy_h ] --> Media da ultima HORA: 172.52 WH at 0 h (0 s)
DEBUG   | T_lc1   | Chave   | choose_az_for_vm_replica ] --> AZ selection algorithm LB fails, place VM i-261C3FE2 (from AZ4) randomized in ['node:', 31, 'core:', 32, 'av:', 0.999, 'id:', 'AZ5', 'ram:', 128, 'alg:', 'CHAVE']
INFO    | T_AZ4   | Chave   | az_optimized_placement ] --> New max host on: 2 at 0 sec
INFO    | T_lc1   | Chave   | choose_az_for_vm_replica ] --> VM i-261C3FE2 (from AZ4) will be replicated for AZ5
DEBUG   | T_AZ4   | Chave   | measure_energy ] --> Energy at 0 from START sec is 329.6 WH
INFO    | T_AZ4   | Chave   | best_host ] --> Best host for i-8C814313-regular (vcpu:4) is NODE1 (cpu:4.0). ovbCount:0, tax:0 hasOvb? False.
DEBUG   | T_AZ4   | Virtual | set_host_id ] --> Host id NODE1 defined for i-8C814313 t:regular, az:AZ4
INFO    | T_AZ4   | Chave   | place    ] --> Allocating i-8C814313 in NODE1 regular AZ4
INFO    | T_AZ4   | Chave   | avg_energy_h ] --> Media da ultima HORA: 329.6 WH at 0 h (0 s)
DEBUG   | T_AZ4   | Chave   | measure_energy ] --> Energy at 0 from START sec is 345.04 WH
INFO    | T_AZ4   | Chave   | best_host ] --> Best host for i-ABEE41D5-critical (vcpu:4) is NODE2 (cpu:8.0). ovbCount:0, tax:0 hasOvb? False.
INFO    | T_AZ4   | Chave   | require_replica ] --> i-ABEE41D5-critical require replication! AZ4=?AZ4
INFO    | T_AZ4   | Chave   | replicate_vm ] --> Pool lc1_AZ4_i-ABEE41D5 created for replication
DEBUG   | T_AZ4   | Virtual | set_host_id ] --> Host id NODE2 defined for i-ABEE41D5 t:critical, az:AZ4
INFO    | T_AZ4   | Chave   | place    ] --> Allocating i-ABEE41D5 in NODE2 critical AZ4
INFO    | T_AZ4   | Physical| force_set_host_on ] --> NEW state: NODE2 turned on? True
INFO    | T_AZ4   | Chave   | avg_energy_h ] --> Media da ultima HORA: 345.04 WH at 0 h (0 s)
INFO    | T_AZ4   | Chave   | az_optimized_placement ] --> New max host on: 3 at 0 sec
DEBUG   | T_AZ4   | Chave   | measure_energy ] --> Energy at 0 from START sec is 502.12 WH
INFO    | T_AZ4   | Chave   | best_host ] --> Best host for i-C10A3ED2-regular (vcpu:4) is NODE2 (cpu:4.0). ovbCount:0, tax:0 hasOvb? False.
DEBUG   | T_AZ4   | Virtual | set_host_id ] --> Host id NODE2 defined for i-C10A3ED2 t:regular, az:AZ4
INFO    | T_AZ4   | Chave   | place    ] --> Allocating i-C10A3ED2 in NODE2 regular AZ4
INFO    | T_AZ4   | Chave   | avg_energy_h ] --> Media da ultima HORA: 502.12 WH at 0 h (0 s)
DEBUG   | T_AZ4   | Chave   | measure_energy ] --> Energy at 0 from START sec is 517.56 WH
INFO    | T_AZ4   | Chave   | best_host ] --> Best host for i-C11E42E0-regular (vcpu:4) is NODE3 (cpu:8.0). ovbCount:0, tax:0 hasOvb? False.
DEBUG   | T_AZ4   | Virtual | set_host_id ] --> Host id NODE3 defined for i-C11E42E0 t:regular, az:AZ4
INFO    | T_AZ4   | Chave   | place    ] --> Allocating i-C11E42E0 in NODE3 regular AZ4
INFO    | T_AZ4   | Physical| force_set_host_on ] --> NEW state: NODE3 turned on? True
INFO    | T_AZ4   | Chave   | avg_energy_h ] --> Media da ultima HORA: 517.56 WH at 0 h (0 s)
INFO    | T_AZ4   | Chave   | az_optimized_placement ] --> New max host on: 4 at 0 sec
DEBUG   | T_AZ4   | Chave   | measure_energy ] --> Energy at 0 from START sec is 674.64 WH
INFO    | T_AZ4   | Chave   | best_host ] --> Best host for i-D1594203-regular (vcpu:4) is NODE3 (cpu:4.0). ovbCount:0, tax:0 hasOvb? False.
DEBUG   | T_AZ4   | Virtual | set_host_id ] --> Host id NODE3 defined for i-D1594203 t:regular, az:AZ4
INFO    | T_AZ4   | Chave   | place    ] --> Allocating i-D1594203 in NODE3 regular AZ4
DEBUG   | T_AZ4   | Chave   | measure_energy ] --> Energy at 120 from START sec is 690.08 WH
INFO    | T_AZ4   | Chave   | best_host ] --> Best host for i-E6EE3FCB-regular (vcpu:4) is NODE4 (cpu:8.0). ovbCount:0, tax:0 hasOvb? False.
DEBUG   | T_AZ4   | Virtual | set_host_id ] --> Host id NODE4 defined for i-E6EE3FCB t:regular, az:AZ4
INFO    | T_AZ4   | Chave   | place    ] --> Allocating i-E6EE3FCB in NODE4 regular AZ4
INFO    | T_AZ4   | Physical| force_set_host_on ] --> NEW state: NODE4 turned on? True
INFO    | T_AZ4   | Chave   | az_optimized_placement ] --> New max host on: 5 at 0 sec
DEBUG   | T_AZ4   | Chave   | measure_energy ] --> Energy at 180 from START sec is 847.16 WH
INFO    | T_AZ4   | Chave   | best_host ] --> Best host for i-2BFF3F02-regular (vcpu:1) is NODE4 (cpu:4.0). ovbCount:0, tax:0 hasOvb? False.
DEBUG   | T_AZ4   | Virtual | set_host_id ] --> Host id NODE4 defined for i-2BFF3F02 t:regular, az:AZ4
INFO    | T_AZ4   | Chave   | place    ] --> Allocating i-2BFF3F02 in NODE4 regular AZ4
DEBUG   | T_AZ4   | Chave   | measure_energy ] --> Energy at 300 from START sec is 851.66 WH
INFO    | T_lc1   | Chave   | best_host ] --> Best host for i-261C3FE2-replica (vcpu:4) is NODE0 (cpu:32.0). ovbCount:0, tax:0 hasOvb? False.
DEBUG   | T_lc1   | Virtual | set_host_id ] --> Host id NODE0 defined for i-261C3FE2 t:replica, az:AZ4
INFO    | T_lc1   | Chave   | place    ] --> Allocating i-261C3FE2 in NODE0 replica AZ5
INFO    | T_lc1   | Physical| force_set_host_on ] --> NEW state: NODE0 turned on? True
INFO    | T_lc1   | Chave   | region_replication ] --> Allocating REPLICA i-261C3FE2 on AZ5
INFO    | T_AZ2   | Chave   | best_host ] --> Best host for i-XX11094D-regular (vcpu:4) is NODE0 (cpu:12.0). ovbCount:0, tax:0 hasOvb? False.
INFO    | T_lc1   | DistInfra| get_hosts_density ] --> AZ AZ5 has 3.22580645161% hosts actives
DEBUG   | T_AZ2   | Virtual | set_host_id ] --> Host id NODE0 defined for i-XX11094D t:regular, az:AZ2
INFO    | T_lc1   | DistInfra| get_hosts_density ] --> AZ AZ6 has 0.0% hosts actives
INFO    | MainThread| __init__| output_stream ] --> Saving results in ['JSON', 'MEM', 'CSV', 'SQLITE']
INFO    | T_AZ2   | Chave   | place    ] --> Allocating i-XX11094D in NODE0 regular AZ2
INFO    | T_lc1   | Chave   | choose_az_for_vm_replica ] --> VM i-ABEE41D5 (from AZ4) will be replicated for AZ5
INFO    | MainThread| __init__| output_stream ] --> AZ1
INFO    | T_AZ2   | Physical| force_set_host_on ] --> NEW state: NODE0 turned on? True
INFO    | MainThread| __init__| output_stream ] --> AZ2
INFO    | T_AZ2   | Chave   | az_optimized_placement ] --> New max host on: 1 at 10 sec
INFO    | MainThread| __init__| output_stream ] --> AZ3
DEBUG   | T_AZ2   | Chave   | measure_energy ] --> Energy at 660 from START sec is 157.08 WH
INFO    | T_AZ2   | Physical| set_host_off ] --> NEW state in AZ2: NODE0 turned on? False
INFO    | MainThread| __init__| output_stream ] --> AZ4
INFO    | T_AZ4   | DistInfra| deallocate_on_host ] --> Deallocated SUCESS! i-2BFF3F02 NODE4 from AZ4 None typ: regular
INFO    | T_AZ2   | DistInfra| deallocate_on_host ] --> Deallocated SUCESS! i-XX11094D NODE0 from AZ2 None typ: regular
DEBUG   | T_AZ2   | Chave   | measure_energy ] --> Energy at 780 from DEFAULT sec is 0 WH
INFO    | T_AZ3   | Chave   | best_host ] --> Best host for i-DE9842F4-regular (vcpu:1) is NODE0 (cpu:8.0). ovbCount:0, tax:0 hasOvb? False.
INFO    | MainThread| __init__| output_stream ] --> AZ5
INFO    | MainThread| __init__| output_stream ] --> AZ6
DEBUG   | T_AZ3   | Virtual | set_host_id ] --> Host id NODE0 defined for i-DE9842F4 t:regular, az:AZ3
DEBUG   | T_AZ4   | Chave   | measure_energy ] --> Energy at 780 from DEFAULT sec is 847.16 WH
INFO    | MainThread| __init__| output_stream ] --> global
INFO    | T_AZ3   | Chave   | place    ] --> Allocating i-DE9842F4 in NODE0 regular AZ3
INFO    | T_AZ3   | Physical| force_set_host_on ] --> NEW state: NODE0 turned on? True
INFO    | T_AZ3   | Chave   | az_optimized_placement ] --> New max host on: 1 at 1 sec
DEBUG   | T_AZ3   | Chave   | measure_energy ] --> Energy at 900 from START sec is 139.91 WH
INFO    | T_lc1   | Chave   | best_host ] --> Best host for i-ABEE41D5-replica (vcpu:4) is NODE0 (cpu:28.0). ovbCount:0, tax:0 hasOvb? False.
DEBUG   | T_lc1   | Virtual | set_host_id ] --> Host id NODE0 defined for i-ABEE41D5 t:replica, az:AZ4
INFO    | T_lc1   | Chave   | place    ] --> Allocating i-ABEE41D5 in NODE0 replica AZ5
INFO    | T_lc1   | Chave   | region_replication ] --> Allocating REPLICA i-ABEE41D5 on AZ5
INFO    | T_AZ5   | Chave   | best_host ] --> Best host for i-ADC2465C-critical (vcpu:2) is NODE0 (cpu:24.0). ovbCount:0, tax:0 hasOvb? False.
INFO    | T_AZ5   | Chave   | require_replica ] --> i-ADC2465C-critical require replication! AZ5=?AZ5
INFO    | T_AZ5   | Chave   | replicate_vm ] --> Pool lc1_AZ5_i-ADC2465C created for replication
DEBUG   | T_AZ5   | Virtual | set_host_id ] --> Host id NODE0 defined for i-ADC2465C t:critical, az:AZ5
INFO    | T_lc1   | DistInfra| get_hosts_density ] --> AZ AZ4 has 41.6666666667% hosts actives
INFO    | T_AZ5   | Chave   | place    ] --> Allocating i-ADC2465C in NODE0 critical AZ5
INFO    | T_lc1   | DistInfra| get_hosts_density ] --> AZ AZ6 has 0.0% hosts actives
INFO    | T_AZ5   | Chave   | az_optimized_placement ] --> New max host on: 1 at 783 sec
INFO    | T_lc1   | Chave   | choose_az_for_vm_replica ] --> VM i-ADC2465C (from AZ5) will be replicated for AZ4
DEBUG   | T_AZ5   | Chave   | measure_energy ] --> Energy at 1026 from START sec is 178.66 WH
INFO    | T_AZ6   | Chave   | best_host ] --> Best host for i-41C93F29-regular (vcpu:2) is NODE0 (cpu:32.0). ovbCount:0, tax:0 hasOvb? False.
DEBUG   | T_AZ6   | Virtual | set_host_id ] --> Host id NODE0 defined for i-41C93F29 t:regular, az:AZ6
INFO    | T_AZ6   | Chave   | place    ] --> Allocating i-41C93F29 in NODE0 regular AZ6
INFO    | T_AZ6   | Physical| force_set_host_on ] --> NEW state: NODE0 turned on? True
INFO    | T_AZ6   | Chave   | az_optimized_placement ] --> New max host on: 1 at 1091 sec
DEBUG   | T_AZ6   | Chave   | measure_energy ] --> Energy at 1260 from START sec is 147.1 WH
INFO    | T_lc1   | Chave   | best_host ] --> Best host for i-ADC2465C-replica (vcpu:2) is NODE4 (cpu:4.0). ovbCount:0, tax:0 hasOvb? False.
DEBUG   | T_lc1   | Virtual | set_host_id ] --> Host id NODE4 defined for i-ADC2465C t:replica, az:AZ5
INFO    | T_lc1   | Chave   | place    ] --> Allocating i-ADC2465C in NODE4 replica AZ4
INFO    | T_lc1   | Chave   | region_replication ] --> Allocating REPLICA i-ADC2465C on AZ4
INFO    | T_AZ1   | Chave   | best_host ] --> Best host for i-796244E3-regular (vcpu:1) is NODE0 (cpu:22.0). ovbCount:0, tax:0 hasOvb? False.
DEBUG   | T_AZ1   | Virtual | set_host_id ] --> Host id NODE0 defined for i-796244E3 t:regular, az:AZ1
INFO    | T_AZ1   | Chave   | place    ] --> Allocating i-796244E3 in NODE0 regular AZ1
DEBUG   | T_AZ1   | Chave   | measure_energy ] --> Energy at 1380 from START sec is 153.2 WH
INFO    | T_AZ2   | Chave   | best_host ] --> Best host for i-4811094D-regular (vcpu:1) is NODE0 (cpu:12.0). ovbCount:0, tax:0 hasOvb? False.
DEBUG   | T_AZ2   | Virtual | set_host_id ] --> Host id NODE0 defined for i-4811094D t:regular, az:AZ2
INFO    | T_AZ2   | Chave   | place    ] --> Allocating i-4811094D in NODE0 regular AZ2
INFO    | T_AZ2   | Physical| force_set_host_on ] --> NEW state: NODE0 turned on? True
DEBUG   | T_AZ2   | Chave   | measure_energy ] --> Energy at 1380 from START sec is 139.91 WH
INFO    | T_AZ2   | Physical| set_host_off ] --> NEW state in AZ2: NODE0 turned on? False
INFO    | T_AZ2   | DistInfra| deallocate_on_host ] --> Deallocated SUCESS! i-4811094D NODE0 from AZ2 None typ: regular
DEBUG   | T_AZ2   | Chave   | measure_energy ] --> Energy at 1440 from DEFAULT sec is 0 WH
INFO    | T_AZ5   | DistInfra| deallocate_on_host ] --> Deallocated SUCESS! i-ADC2465C NODE0 from AZ5 lc1_AZ5_i-ADC2465C typ: critical
INFO    | T_AZ1   | DistInfra| deallocate_on_host ] --> Deallocated SUCESS! i-796244E3 NODE0 from AZ1 None typ: regular
DEBUG   | T_AZ5   | Chave   | measure_energy ] --> Energy at 1500 from DEFAULT sec is 172.52 WH
DEBUG   | T_AZ1   | Chave   | measure_energy ] --> Energy at 1500 from DEFAULT sec is 147.1 WH
INFO    | T_AZ5   | DistInfra| deallocate_on_host ] --> Deallocated SUCESS! i-ADC2465C NODE4 from AZ4 lc1_AZ5_i-ADC2465C typ: replica
DEBUG   | T_AZ5   | Chave   | measure_energy ] --> Energy at 1560 from replica sec is 847.16 WH
INFO    | T_AZ6   | Physical| set_host_off ] --> NEW state in AZ6: NODE0 turned on? False
INFO    | T_AZ6   | DistInfra| deallocate_on_host ] --> Deallocated SUCESS! i-41C93F29 NODE0 from AZ6 None typ: regular
DEBUG   | T_AZ6   | Chave   | measure_energy ] --> Energy at 1680 from DEFAULT sec is 0 WH
INFO    | T_AZ5   | Chave   | best_host ] --> Best host for i-AEA14226-regular (vcpu:4) is NODE0 (cpu:24.0). ovbCount:0, tax:0 hasOvb? False.
DEBUG   | T_AZ5   | Virtual | set_host_id ] --> Host id NODE0 defined for i-AEA14226 t:regular, az:AZ5
INFO    | T_AZ5   | Chave   | place    ] --> Allocating i-AEA14226 in NODE0 regular AZ5
DEBUG   | T_AZ5   | Chave   | measure_energy ] --> Energy at 1740 from START sec is 184.79 WH
INFO    | T_AZ5   | DistInfra| deallocate_on_host ] --> Deallocated SUCESS! i-AEA14226 NODE0 from AZ5 None typ: regular
DEBUG   | T_AZ5   | Chave   | measure_energy ] --> Energy at 2280 from DEFAULT sec is 172.52 WH
INFO    | T_AZ2   | Chave   | best_host ] --> Best host for i-49F207B6-regular (vcpu:1) is NODE0 (cpu:12.0). ovbCount:0, tax:0 hasOvb? False.
DEBUG   | T_AZ2   | Virtual | set_host_id ] --> Host id NODE0 defined for i-49F207B6 t:regular, az:AZ2
INFO    | T_AZ2   | Chave   | place    ] --> Allocating i-49F207B6 in NODE0 regular AZ2
INFO    | T_AZ2   | Physical| force_set_host_on ] --> NEW state: NODE0 turned on? True
DEBUG   | T_AZ2   | Chave   | measure_energy ] --> Energy at 2460 from START sec is 139.91 WH
INFO    | T_AZ5   | Chave   | best_host ] --> Best host for i-BE563F1A-regular (vcpu:2) is NODE0 (cpu:24.0). ovbCount:0, tax:0 hasOvb? False.
DEBUG   | T_AZ5   | Virtual | set_host_id ] --> Host id NODE0 defined for i-BE563F1A t:regular, az:AZ5
INFO    | T_AZ5   | Chave   | place    ] --> Allocating i-BE563F1A in NODE0 regular AZ5
DEBUG   | T_AZ5   | Chave   | measure_energy ] --> Energy at 2640 from START sec is 178.66 WH
INFO    | MainThread| __init__| output_stream ] --> Saved in /home/daniel/Dropbox/UDESC/Mestrado/Pratico/CHAVE-Sim/logs/18.05.06_23.30.25_CHAVE_PlacementFirst_FFD2I_1_20_False.log
INFO    | T_AZ6   | Chave   | best_host ] --> Best host for i-8BAF4413-regular (vcpu:2) is NODE0 (cpu:32.0). ovbCount:0, tax:0 hasOvb? False.
DEBUG   | T_AZ6   | Virtual | set_host_id ] --> Host id NODE0 defined for i-8BAF4413 t:regular, az:AZ6
INFO    | T_AZ6   | Chave   | place    ] --> Allocating i-8BAF4413 in NODE0 regular AZ6
INFO    | T_AZ6   | Physical| force_set_host_on ] --> NEW state: NODE0 turned on? True
DEBUG   | T_AZ6   | Chave   | measure_energy ] --> Energy at 3000 from START sec is 147.1 WH
INFO    | T_AZ4   | Chave   | best_host ] --> Best host for i-1D5646FD-regular (vcpu:4) is NODE4 (cpu:4.0). ovbCount:0, tax:0 hasOvb? False.
DEBUG   | T_AZ4   | Virtual | set_host_id ] --> Host id NODE4 defined for i-1D5646FD t:regular, az:AZ4
INFO    | T_AZ4   | Chave   | place    ] --> Allocating i-1D5646FD in NODE4 regular AZ4
DEBUG   | T_AZ4   | Chave   | measure_energy ] --> Energy at 3000 from START sec is 862.6 WH
INFO    | T_AZ1   | Chave   | best_host ] --> Best host for i-B9184208-critical (vcpu:1) is NODE0 (cpu:22.0). ovbCount:0, tax:0 hasOvb? False.
INFO    | T_AZ1   | Chave   | require_replica ] --> i-B9184208-critical require replication! AZ1=?AZ1
INFO    | T_AZ1   | Chave   | replicate_vm ] --> Pool lc0_AZ1_i-B9184208 created for replication
DEBUG   | T_AZ1   | Virtual | set_host_id ] --> Host id NODE0 defined for i-B9184208 t:critical, az:AZ1
INFO    | T_AZ1   | Chave   | place    ] --> Allocating i-B9184208 in NODE0 critical AZ1
DEBUG   | T_AZ1   | Chave   | measure_energy ] --> Energy at 3060 from START sec is 153.2 WH
INFO    | T_lc0   | DistInfra| get_hosts_density ] --> AZ AZ2 has 14.2857142857% hosts actives
INFO    | T_lc0   | DistInfra| get_hosts_density ] --> AZ AZ3 has 14.2857142857% hosts actives
INFO    | T_lc0   | Chave   | choose_az_for_vm_replica ] --> VM i-B9184208 (from AZ1) will be replicated for AZ2
INFO    | T_lc0   | Chave   | best_host ] --> Best host for i-B9184208-replica (vcpu:1) is NODE0 (cpu:11.0). ovbCount:0, tax:0 hasOvb? False.
INFO    | T_AZ4   | DistInfra| deallocate_on_host ] --> Deallocated SUCESS! i-153C3F8D NODE0 from AZ4 None typ: regular
DEBUG   | T_lc0   | Virtual | set_host_id ] --> Host id NODE0 defined for i-B9184208 t:replica, az:AZ1
DEBUG   | T_AZ4   | Chave   | measure_energy ] --> Energy at 3120 from DEFAULT sec is 847.16 WH
INFO    | T_lc0   | Chave   | place    ] --> Allocating i-B9184208 in NODE0 replica AZ2
INFO    | T_lc0   | Chave   | region_replication ] --> Allocating REPLICA i-B9184208 on AZ2
INFO    | T_AZ4   | Chave   | best_host ] --> Best host for i-E0A63BDD-regular (vcpu:4) is NODE0 (cpu:4.0). ovbCount:0, tax:0 hasOvb? False.
DEBUG   | T_AZ4   | Virtual | set_host_id ] --> Host id NODE0 defined for i-E0A63BDD t:regular, az:AZ4
INFO    | T_AZ4   | Chave   | place    ] --> Allocating i-E0A63BDD in NODE0 regular AZ4
DEBUG   | T_AZ4   | Chave   | measure_energy ] --> Energy at 3180 from START sec is 862.6 WH
INFO    | T_AZ1   | DistInfra| deallocate_on_host ] --> Deallocated SUCESS! i-B9184208 NODE0 from AZ1 lc0_AZ1_i-B9184208 typ: critical
DEBUG   | T_AZ1   | Chave   | measure_energy ] --> Energy at 3240 from DEFAULT sec is 147.1 WH
INFO    | T_AZ1   | DistInfra| deallocate_on_host ] --> Deallocated SUCESS! i-B9184208 NODE0 from AZ2 lc0_AZ1_i-B9184208 typ: replica
DEBUG   | T_AZ1   | Chave   | measure_energy ] --> Energy at 3240 from replica sec is 139.91 WH
INFO    | T_AZ2   | Chave   | best_host ] --> Best host for i-310005BF-regular (vcpu:1) is NODE0 (cpu:11.0). ovbCount:0, tax:0 hasOvb? False.
DEBUG   | T_AZ2   | Virtual | set_host_id ] --> Host id NODE0 defined for i-310005BF t:regular, az:AZ2
INFO    | T_AZ4   | DistInfra| deallocate_on_host ] --> Deallocated SUCESS! i-1D5646FD NODE4 from AZ4 None typ: regular
DEBUG   | T_AZ4   | Chave   | measure_energy ] --> Energy at 3315 from DEFAULT sec is 847.16 WH
INFO    | T_AZ2   | Chave   | place    ] --> Allocating i-310005BF in NODE0 regular AZ2
DEBUG   | T_AZ2   | Chave   | measure_energy ] --> Energy at 3360 from START sec is 147.1 WH
INFO    | T_AZ5   | DistInfra| deallocate_on_host ] --> Deallocated SUCESS! i-BE563F1A NODE0 from AZ5 None typ: regular
DEBUG   | T_AZ5   | Chave   | measure_energy ] --> Energy at 3360 from DEFAULT sec is 172.52 WH
INFO    | T_AZ4   | Chave   | best_host ] --> Best host for i-74F842C4-regular (vcpu:4) is NODE4 (cpu:4.0). ovbCount:0, tax:0 hasOvb? False.
DEBUG   | T_AZ4   | Virtual | set_host_id ] --> Host id NODE4 defined for i-74F842C4 t:regular, az:AZ4
INFO    | T_AZ4   | Chave   | place    ] --> Allocating i-74F842C4 in NODE4 regular AZ4
DEBUG   | T_AZ4   | Chave   | measure_energy ] --> Energy at 3360 from START sec is 862.6 WH
INFO    | T_AZ4   | Chave   | best_host ] --> Best host for i-53FF4310-regular (vcpu:4) is NODE5 (cpu:8.0). ovbCount:0, tax:0 hasOvb? False.
DEBUG   | T_AZ4   | Virtual | set_host_id ] --> Host id NODE5 defined for i-53FF4310 t:regular, az:AZ4
INFO    | T_AZ4   | Chave   | place    ] --> Allocating i-53FF4310 in NODE5 regular AZ4
INFO    | T_AZ4   | Physical| force_set_host_on ] --> NEW state: NODE5 turned on? True
INFO    | T_AZ4   | Chave   | az_optimized_placement ] --> New max host on: 6 at 3319 sec
DEBUG   | T_AZ4   | Chave   | measure_energy ] --> Energy at 3360 from START sec is 1019.68 WH
INFO    | T_AZ6   | Physical| set_host_off ] --> NEW state in AZ6: NODE0 turned on? False
INFO    | T_AZ4   | Chave   | best_host ] --> Best host for i-956A3CDB-regular (vcpu:4) is NODE5 (cpu:4.0). ovbCount:0, tax:0 hasOvb? False.
INFO    | T_AZ6   | DistInfra| deallocate_on_host ] --> Deallocated SUCESS! i-8BAF4413 NODE0 from AZ6 None typ: regular
DEBUG   | T_AZ4   | Virtual | set_host_id ] --> Host id NODE5 defined for i-956A3CDB t:regular, az:AZ4
DEBUG   | T_AZ6   | Chave   | measure_energy ] --> Energy at 3420 from DEFAULT sec is 0 WH
INFO    | T_AZ4   | Chave   | place    ] --> Allocating i-956A3CDB in NODE5 regular AZ4
DEBUG   | T_AZ4   | Chave   | measure_energy ] --> Energy at 3540 from START sec is 1035.12 WH
INFO    | T_AZ4   | Chave   | best_host ] --> Best host for i-B3B2408C-regular (vcpu:4) is NODE6 (cpu:8.0). ovbCount:0, tax:0 hasOvb? False.
DEBUG   | T_AZ4   | Virtual | set_host_id ] --> Host id NODE6 defined for i-B3B2408C t:regular, az:AZ4
INFO    | T_AZ4   | Chave   | place    ] --> Allocating i-B3B2408C in NODE6 regular AZ4
INFO    | T_AZ4   | Physical| force_set_host_on ] --> NEW state: NODE6 turned on? True
INFO    | T_AZ4   | Chave   | az_optimized_placement ] --> New max host on: 7 at 3319 sec
DEBUG   | T_AZ4   | Chave   | measure_energy ] --> Energy at 3600 from START sec is 1192.2 WH
INFO    | T_AZ4   | Chave   | best_host ] --> Best host for i-F0834357-regular (vcpu:4) is NODE6 (cpu:4.0). ovbCount:0, tax:0 hasOvb? False.
DEBUG   | T_gvt   | Chave   | gvt      ] --> GVT s:3600, h:1
DEBUG   | T_AZ4   | Virtual | set_host_id ] --> Host id NODE6 defined for i-F0834357 t:regular, az:AZ4
INFO    | T_AZ4   | Chave   | place    ] --> Allocating i-F0834357 in NODE6 regular AZ4
INFO    | T_AZ4   | Chave   | avg_energy_h ] --> Media da ultima HORA: 877.641428571 WH at 1 h (3600 s)
DEBUG   | T_AZ4   | Chave   | measure_energy ] --> Energy at 3600 from START sec is 1207.64 WH
INFO    | T_AZ4   | Chave   | best_host ] --> Best host for i-FE144161-regular (vcpu:4) is NODE7 (cpu:8.0). ovbCount:0, tax:0 hasOvb? False.
DEBUG   | T_AZ4   | Virtual | set_host_id ] --> Host id NODE7 defined for i-FE144161 t:regular, az:AZ4
INFO    | T_AZ4   | Chave   | place    ] --> Allocating i-FE144161 in NODE7 regular AZ4
INFO    | T_AZ4   | Physical| force_set_host_on ] --> NEW state: NODE7 turned on? True
INFO    | T_AZ4   | Chave   | avg_energy_h ] --> Media da ultima HORA: 1207.64 WH at 1 h (3600 s)
INFO    | T_AZ4   | Chave   | az_optimized_placement ] --> New max host on: 8 at 3319 sec
DEBUG   | T_AZ4   | Chave   | measure_energy ] --> Energy at 3600 from START sec is 1364.72 WH
INFO    | T_AZ4   | Chave   | best_host ] --> Best host for i-486140F1-regular (vcpu:4) is NODE7 (cpu:4.0). ovbCount:0, tax:0 hasOvb? False.
DEBUG   | T_AZ4   | Virtual | set_host_id ] --> Host id NODE7 defined for i-486140F1 t:regular, az:AZ4
INFO    | T_AZ4   | Chave   | place    ] --> Allocating i-486140F1 in NODE7 regular AZ4
INFO    | T_AZ4   | Chave   | avg_energy_h ] --> Media da ultima HORA: 1364.72 WH at 1 h (3600 s)
DEBUG   | T_AZ4   | Chave   | measure_energy ] --> Energy at 3600 from START sec is 1380.16 WH
INFO    | T_AZ4   | Chave   | best_host ] --> Best host for i-CDCA4589-regular (vcpu:4) is NODE8 (cpu:8.0). ovbCount:0, tax:0 hasOvb? False.
DEBUG   | T_AZ4   | Virtual | set_host_id ] --> Host id NODE8 defined for i-CDCA4589 t:regular, az:AZ4
INFO    | T_AZ4   | Chave   | place    ] --> Allocating i-CDCA4589 in NODE8 regular AZ4
INFO    | T_AZ4   | Physical| force_set_host_on ] --> NEW state: NODE8 turned on? True
INFO    | T_AZ4   | Chave   | avg_energy_h ] --> Media da ultima HORA: 1380.16 WH at 1 h (3600 s)
INFO    | T_AZ4   | Chave   | az_optimized_placement ] --> New max host on: 9 at 3320 sec
DEBUG   | T_AZ4   | Chave   | measure_energy ] --> Energy at 3600 from START sec is 1537.24 WH
INFO    | T_AZ2   | Chave   | best_host ] --> Best host for i-3CD1084F-regular (vcpu:1) is NODE0 (cpu:10.0). ovbCount:0, tax:0 hasOvb? False.
DEBUG   | T_AZ2   | Virtual | set_host_id ] --> Host id NODE0 defined for i-3CD1084F t:regular, az:AZ2
INFO    | T_AZ2   | Chave   | place    ] --> Allocating i-3CD1084F in NODE0 regular AZ2
INFO    | T_AZ2   | Chave   | avg_energy_h ] --> Media da ultima HORA: 103.415714286 WH at 1 h (3600 s)
DEBUG   | T_AZ2   | Chave   | measure_energy ] --> Energy at 3600 from START sec is 153.2 WH
INFO    | T_AZ6   | Chave   | best_host ] --> Best host for i-F5D44252-regular (vcpu:4) is NODE0 (cpu:32.0). ovbCount:0, tax:0 hasOvb? False.
DEBUG   | T_AZ6   | Virtual | set_host_id ] --> Host id NODE0 defined for i-F5D44252 t:regular, az:AZ6
INFO    | T_AZ6   | Chave   | place    ] --> Allocating i-F5D44252 in NODE0 regular AZ6
INFO    | T_AZ6   | Physical| force_set_host_on ] --> NEW state: NODE0 turned on? True
DEBUG   | T_AZ6   | Chave   | measure_energy ] --> Energy at 3780 from START sec is 157.08 WH
INFO    | T_AZ1   | Physical| set_host_off ] --> NEW state in AZ1: NODE0 turned on? False
INFO    | T_AZ1   | DistInfra| deallocate_on_host ] --> Deallocated SUCESS! i-5521424F NODE0 from AZ1 None typ: regular
DEBUG   | T_AZ1   | Chave   | measure_energy ] --> Energy at 3960 from DEFAULT sec is 0 WH
INFO    | T_AZ4   | DistInfra| deallocate_on_host ] --> Deallocated SUCESS! i-E6EE3FCB NODE4 from AZ4 None typ: regular
DEBUG   | T_AZ4   | Chave   | measure_energy ] --> Energy at 4140 from DEFAULT sec is 1521.8 WH
INFO    | T_AZ4   | DistInfra| deallocate_on_host ] --> Deallocated SUCESS! i-8C814313 NODE1 from AZ4 None typ: regular
DEBUG   | T_AZ4   | Chave   | measure_energy ] --> Energy at 4140 from DEFAULT sec is 1506.36 WH
INFO    | T_AZ4   | Physical| set_host_off ] --> NEW state in AZ4: NODE1 turned on? False
INFO    | T_AZ4   | DistInfra| deallocate_on_host ] --> Deallocated SUCESS! i-261C3FE2 NODE1 from AZ4 lc1_AZ4_i-261C3FE2 typ: critical
DEBUG   | T_AZ4   | Chave   | measure_energy ] --> Energy at 4140 from DEFAULT sec is 1349.28 WH
INFO    | T_AZ4   | DistInfra| deallocate_on_host ] --> Deallocated SUCESS! i-261C3FE2 NODE0 from AZ5 lc1_AZ4_i-261C3FE2 typ: replica
DEBUG   | T_AZ4   | Chave   | measure_energy ] --> Energy at 4140 from replica sec is 157.08 WH
INFO    | T_AZ4   | DistInfra| deallocate_on_host ] --> Deallocated SUCESS! i-C11E42E0 NODE3 from AZ4 None typ: regular
DEBUG   | T_AZ4   | Chave   | measure_energy ] --> Energy at 4140 from DEFAULT sec is 1333.84 WH
INFO    | T_AZ4   | DistInfra| deallocate_on_host ] --> Deallocated SUCESS! i-ABEE41D5 NODE2 from AZ4 lc1_AZ4_i-ABEE41D5 typ: critical
DEBUG   | T_AZ4   | Chave   | measure_energy ] --> Energy at 4140 from DEFAULT sec is 1318.4 WH
INFO    | T_AZ4   | Physical| set_host_off ] --> NEW state in AZ5: NODE0 turned on? False
INFO    | T_AZ4   | DistInfra| deallocate_on_host ] --> Deallocated SUCESS! i-ABEE41D5 NODE0 from AZ5 lc1_AZ4_i-ABEE41D5 typ: replica
DEBUG   | T_AZ4   | Chave   | measure_energy ] --> Energy at 4140 from replica sec is 0 WH
INFO    | T_AZ4   | Physical| set_host_off ] --> NEW state in AZ4: NODE2 turned on? False
INFO    | T_AZ4   | DistInfra| deallocate_on_host ] --> Deallocated SUCESS! i-C10A3ED2 NODE2 from AZ4 None typ: regular
DEBUG   | T_AZ4   | Chave   | measure_energy ] --> Energy at 4140 from DEFAULT sec is 1161.32 WH
INFO    | T_AZ4   | DistInfra| deallocate_on_host ] --> Deallocated SUCESS! i-0B284069 NODE0 from AZ4 None typ: regular
DEBUG   | T_AZ4   | Chave   | measure_energy ] --> Energy at 4140 from DEFAULT sec is 1145.88 WH
INFO    | T_AZ4   | Physical| set_host_off ] --> NEW state in AZ4: NODE3 turned on? False
INFO    | T_AZ4   | DistInfra| deallocate_on_host ] --> Deallocated SUCESS! i-D1594203 NODE3 from AZ4 None typ: regular
DEBUG   | T_AZ4   | Chave   | measure_energy ] --> Energy at 4140 from DEFAULT sec is 988.8 WH
INFO    | T_AZ2   | Chave   | best_host ] --> Best host for i-3FC3072C-regular (vcpu:1) is NODE0 (cpu:9.0). ovbCount:0, tax:0 hasOvb? False.
DEBUG   | T_AZ2   | Virtual | set_host_id ] --> Host id NODE0 defined for i-3FC3072C t:regular, az:AZ2
INFO    | T_AZ2   | Chave   | place    ] --> Allocating i-3FC3072C in NODE0 regular AZ2
DEBUG   | T_AZ2   | Chave   | measure_energy ] --> Energy at 4260 from START sec is 157.08 WH
INFO    | T_AZ5   | Chave   | best_host ] --> Best host for i-D1EA44ED-regular (vcpu:2) is NODE0 (cpu:32.0). ovbCount:0, tax:0 hasOvb? False.
DEBUG   | T_AZ5   | Virtual | set_host_id ] --> Host id NODE0 defined for i-D1EA44ED t:regular, az:AZ5
INFO    | T_AZ5   | Chave   | place    ] --> Allocating i-D1EA44ED in NODE0 regular AZ5
INFO    | T_AZ5   | Physical| force_set_host_on ] --> NEW state: NODE0 turned on? True
DEBUG   | T_AZ5   | Chave   | measure_energy ] --> Energy at 4440 from START sec is 147.1 WH
INFO    | T_AZ6   | Physical| set_host_off ] --> NEW state in AZ6: NODE0 turned on? False
INFO    | T_AZ6   | DistInfra| deallocate_on_host ] --> Deallocated SUCESS! i-F5D44252 NODE0 from AZ6 None typ: regular
DEBUG   | T_AZ6   | Chave   | measure_energy ] --> Energy at 4620 from DEFAULT sec is 0 WH
INFO    | T_AZ6   | Chave   | best_host ] --> Best host for i-38CA4055-regular (vcpu:2) is NODE0 (cpu:32.0). ovbCount:0, tax:0 hasOvb? False.
DEBUG   | T_AZ6   | Virtual | set_host_id ] --> Host id NODE0 defined for i-38CA4055 t:regular, az:AZ6
INFO    | T_AZ6   | Chave   | place    ] --> Allocating i-38CA4055 in NODE0 regular AZ6
INFO    | T_AZ6   | Physical| force_set_host_on ] --> NEW state: NODE0 turned on? True
DEBUG   | T_AZ6   | Chave   | measure_energy ] --> Energy at 4800 from START sec is 147.1 WH
INFO    | T_AZ1   | Chave   | best_host ] --> Best host for i-6A01454E-regular (vcpu:2) is NODE0 (cpu:24.0). ovbCount:0, tax:0 hasOvb? False.
DEBUG   | T_AZ1   | Virtual | set_host_id ] --> Host id NODE0 defined for i-6A01454E t:regular, az:AZ1
INFO    | T_AZ1   | Chave   | place    ] --> Allocating i-6A01454E in NODE0 regular AZ1
INFO    | T_AZ1   | Physical| force_set_host_on ] --> NEW state: NODE0 turned on? True
DEBUG   | T_AZ1   | Chave   | measure_energy ] --> Energy at 4863 from START sec is 147.1 WH
INFO    | T_AZ1   | Chave   | best_host ] --> Best host for i-3447420E-regular (vcpu:1) is NODE0 (cpu:22.0). ovbCount:0, tax:0 hasOvb? False.
DEBUG   | T_AZ1   | Virtual | set_host_id ] --> Host id NODE0 defined for i-3447420E t:regular, az:AZ1
INFO    | T_AZ1   | Chave   | place    ] --> Allocating i-3447420E in NODE0 regular AZ1
DEBUG   | T_AZ1   | Chave   | measure_energy ] --> Energy at 4920 from START sec is 153.2 WH
INFO    | T_AZ1   | DistInfra| deallocate_on_host ] --> Deallocated SUCESS! i-3447420E NODE0 from AZ1 None typ: regular
DEBUG   | T_AZ1   | Chave   | measure_energy ] --> Energy at 5040 from DEFAULT sec is 147.1 WH
INFO    | T_AZ4   | Physical| set_host_off ] --> NEW state in AZ4: NODE0 turned on? False
INFO    | T_AZ4   | DistInfra| deallocate_on_host ] --> Deallocated SUCESS! i-E0A63BDD NODE0 from AZ4 None typ: regular
DEBUG   | T_AZ4   | Chave   | measure_energy ] --> Energy at 5100 from DEFAULT sec is 831.72 WH
INFO    | T_AZ4   | DistInfra| deallocate_on_host ] --> Deallocated SUCESS! i-53FF4310 NODE5 from AZ4 None typ: regular
DEBUG   | T_AZ4   | Chave   | measure_energy ] --> Energy at 5100 from DEFAULT sec is 816.28 WH
INFO    | T_AZ4   | Physical| set_host_off ] --> NEW state in AZ4: NODE5 turned on? False
INFO    | T_AZ4   | DistInfra| deallocate_on_host ] --> Deallocated SUCESS! i-956A3CDB NODE5 from AZ4 None typ: regular
DEBUG   | T_AZ4   | Chave   | measure_energy ] --> Energy at 5100 from DEFAULT sec is 659.2 WH
INFO    | T_AZ5   | Physical| set_host_off ] --> NEW state in AZ5: NODE0 turned on? False
INFO    | T_AZ4   | DistInfra| deallocate_on_host ] --> Deallocated SUCESS! i-F0834357 NODE6 from AZ4 None typ: regular
INFO    | T_AZ5   | DistInfra| deallocate_on_host ] --> Deallocated SUCESS! i-D1EA44ED NODE0 from AZ5 None typ: regular
DEBUG   | T_AZ4   | Chave   | measure_energy ] --> Energy at 5220 from DEFAULT sec is 643.76 WH
DEBUG   | T_AZ5   | Chave   | measure_energy ] --> Energy at 5220 from DEFAULT sec is 0 WH
INFO    | T_AZ4   | DistInfra| deallocate_on_host ] --> Deallocated SUCESS! i-FE144161 NODE7 from AZ4 None typ: regular
DEBUG   | T_AZ4   | Chave   | measure_energy ] --> Energy at 5280 from DEFAULT sec is 628.32 WH
INFO    | T_AZ4   | Physical| set_host_off ] --> NEW state in AZ4: NODE7 turned on? False
INFO    | T_AZ4   | DistInfra| deallocate_on_host ] --> Deallocated SUCESS! i-486140F1 NODE7 from AZ4 None typ: regular
DEBUG   | T_AZ4   | Chave   | measure_energy ] --> Energy at 5280 from DEFAULT sec is 471.24 WH
INFO    | T_AZ4   | Physical| set_host_off ] --> NEW state in AZ4: NODE6 turned on? False
INFO    | T_AZ4   | DistInfra| deallocate_on_host ] --> Deallocated SUCESS! i-B3B2408C NODE6 from AZ4 None typ: regular
DEBUG   | T_AZ4   | Chave   | measure_energy ] --> Energy at 5280 from DEFAULT sec is 314.16 WH
INFO    | T_AZ4   | Physical| set_host_off ] --> NEW state in AZ4: NODE8 turned on? False
INFO    | T_AZ4   | DistInfra| deallocate_on_host ] --> Deallocated SUCESS! i-CDCA4589 NODE8 from AZ4 None typ: regular
DEBUG   | T_AZ4   | Chave   | measure_energy ] --> Energy at 5280 from DEFAULT sec is 157.08 WH
INFO    | T_AZ6   | Physical| set_host_off ] --> NEW state in AZ6: NODE0 turned on? False
INFO    | T_AZ6   | DistInfra| deallocate_on_host ] --> Deallocated SUCESS! i-38CA4055 NODE0 from AZ6 None typ: regular
DEBUG   | T_AZ6   | Chave   | measure_energy ] --> Energy at 5400 from DEFAULT sec is 0 WH
INFO    | T_AZ2   | Chave   | best_host ] --> Best host for i-44760829-regular (vcpu:1) is NODE0 (cpu:8.0). ovbCount:0, tax:0 hasOvb? False.
DEBUG   | T_AZ2   | Virtual | set_host_id ] --> Host id NODE0 defined for i-44760829 t:regular, az:AZ2
INFO    | T_AZ2   | Chave   | place    ] --> Allocating i-44760829 in NODE0 regular AZ2
DEBUG   | T_AZ2   | Chave   | measure_energy ] --> Energy at 5700 from START sec is 161.58 WH
INFO    | T_AZ1   | Physical| set_host_off ] --> NEW state in AZ1: NODE0 turned on? False
INFO    | T_AZ1   | DistInfra| deallocate_on_host ] --> Deallocated SUCESS! i-6A01454E NODE0 from AZ1 None typ: regular
DEBUG   | T_AZ1   | Chave   | measure_energy ] --> Energy at 5940 from DEFAULT sec is 0 WH
INFO    | T_AZ5   | Chave   | best_host ] --> Best host for i-7EBF44E7-regular (vcpu:2) is NODE0 (cpu:32.0). ovbCount:0, tax:0 hasOvb? False.
DEBUG   | T_AZ5   | Virtual | set_host_id ] --> Host id NODE0 defined for i-7EBF44E7 t:regular, az:AZ5
INFO    | T_AZ5   | Chave   | place    ] --> Allocating i-7EBF44E7 in NODE0 regular AZ5
INFO    | T_AZ5   | Physical| force_set_host_on ] --> NEW state: NODE0 turned on? True
DEBUG   | T_AZ5   | Chave   | measure_energy ] --> Energy at 6180 from START sec is 147.1 WH
INFO    | T_AZ2   | Chave   | best_host ] --> Best host for i-47CB0883-critical (vcpu:1) is NODE0 (cpu:7.0). ovbCount:0, tax:0 hasOvb? False.
INFO    | T_AZ2   | Chave   | require_replica ] --> i-47CB0883-critical require replication! AZ2=?AZ2
INFO    | T_AZ2   | Chave   | replicate_vm ] --> Pool lc0_AZ2_i-47CB0883 created for replication
INFO    | T_lc0   | DistInfra| get_hosts_density ] --> AZ AZ1 has 0.0% hosts actives
INFO    | T_lc0   | DistInfra| get_hosts_density ] --> AZ AZ3 has 14.2857142857% hosts actives
DEBUG   | T_AZ2   | Virtual | set_host_id ] --> Host id NODE0 defined for i-47CB0883 t:critical, az:AZ2
INFO    | T_lc0   | Chave   | choose_az_for_vm_replica ] --> VM i-47CB0883 (from AZ2) will be replicated for AZ3
INFO    | T_AZ2   | Chave   | place    ] --> Allocating i-47CB0883 in NODE0 critical AZ2
DEBUG   | T_AZ2   | Chave   | measure_energy ] --> Energy at 6600 from START sec is 166.61 WH
INFO    | T_AZ6   | Chave   | best_host ] --> Best host for i-0D943F1D-regular (vcpu:2) is NODE0 (cpu:32.0). ovbCount:0, tax:0 hasOvb? False.
DEBUG   | T_AZ6   | Virtual | set_host_id ] --> Host id NODE0 defined for i-0D943F1D t:regular, az:AZ6
INFO    | T_AZ6   | Chave   | place    ] --> Allocating i-0D943F1D in NODE0 regular AZ6
INFO    | T_AZ6   | Physical| force_set_host_on ] --> NEW state: NODE0 turned on? True
DEBUG   | T_AZ6   | Chave   | measure_energy ] --> Energy at 6660 from START sec is 147.1 WH
INFO    | T_AZ3   | Chave   | best_host ] --> Best host for i-59673D29-regular (vcpu:1) is NODE0 (cpu:7.0). ovbCount:0, tax:0 hasOvb? False.
DEBUG   | T_AZ3   | Virtual | set_host_id ] --> Host id NODE0 defined for i-59673D29 t:regular, az:AZ3
INFO    | T_AZ3   | Chave   | place    ] --> Allocating i-59673D29 in NODE0 regular AZ3
DEBUG   | T_AZ3   | Chave   | measure_energy ] --> Energy at 6720 from START sec is 147.1 WH
INFO    | T_AZ1   | Chave   | best_host ] --> Best host for i-3E704225-critical (vcpu:2) is NODE0 (cpu:24.0). ovbCount:0, tax:0 hasOvb? False.
INFO    | T_AZ1   | Chave   | require_replica ] --> i-3E704225-critical require replication! AZ1=?AZ1
INFO    | T_AZ1   | Chave   | replicate_vm ] --> Pool lc0_AZ1_i-3E704225 created for replication
DEBUG   | T_AZ1   | Virtual | set_host_id ] --> Host id NODE0 defined for i-3E704225 t:critical, az:AZ1
INFO    | T_AZ1   | Chave   | place    ] --> Allocating i-3E704225 in NODE0 critical AZ1
INFO    | T_AZ1   | Physical| force_set_host_on ] --> NEW state: NODE0 turned on? True
DEBUG   | T_AZ1   | Chave   | measure_energy ] --> Energy at 6780 from START sec is 147.1 WH
INFO    | T_AZ1   | Chave   | best_host ] --> Best host for i-A3994159-regular (vcpu:1) is NODE0 (cpu:22.0). ovbCount:0, tax:0 hasOvb? False.
DEBUG   | T_AZ1   | Virtual | set_host_id ] --> Host id NODE0 defined for i-A3994159 t:regular, az:AZ1
INFO    | T_AZ1   | Chave   | place    ] --> Allocating i-A3994159 in NODE0 regular AZ1
DEBUG   | T_AZ1   | Chave   | measure_energy ] --> Energy at 6840 from START sec is 153.2 WH
INFO    | T_AZ1   | DistInfra| deallocate_on_host ] --> Deallocated SUCESS! i-A3994159 NODE0 from AZ1 None typ: regular
DEBUG   | T_AZ1   | Chave   | measure_energy ] --> Energy at 6900 from DEFAULT sec is 147.1 WH
INFO    | T_lc0   | Chave   | best_host ] --> Best host for i-47CB0883-replica (vcpu:1) is NODE0 (cpu:6.0). ovbCount:0, tax:0 hasOvb? False.
DEBUG   | T_lc0   | Virtual | set_host_id ] --> Host id NODE0 defined for i-47CB0883 t:replica, az:AZ2
INFO    | T_lc0   | Chave   | place    ] --> Allocating i-47CB0883 in NODE0 replica AZ3
INFO    | T_lc0   | Chave   | region_replication ] --> Allocating REPLICA i-47CB0883 on AZ3
INFO    | T_lc0   | DistInfra| get_hosts_density ] --> AZ AZ2 has 14.2857142857% hosts actives
INFO    | T_AZ5   | Physical| set_host_off ] --> NEW state in AZ5: NODE0 turned on? False
INFO    | T_AZ6   | Physical| set_host_off ] --> NEW state in AZ6: NODE0 turned on? False
INFO    | T_lc0   | DistInfra| get_hosts_density ] --> AZ AZ3 has 14.2857142857% hosts actives
INFO    | T_lc0   | Chave   | choose_az_for_vm_replica ] --> VM i-3E704225 (from AZ1) will be replicated for AZ2
INFO    | T_AZ6   | DistInfra| deallocate_on_host ] --> Deallocated SUCESS! i-0D943F1D NODE0 from AZ6 None typ: regular
DEBUG   | T_AZ6   | Chave   | measure_energy ] --> Energy at 7140 from DEFAULT sec is 0 WH
INFO    | T_lc0   | Chave   | best_host ] --> Best host for i-3E704225-replica (vcpu:2) is NODE0 (cpu:6.0). ovbCount:0, tax:0 hasOvb? False.
INFO    | T_AZ5   | DistInfra| deallocate_on_host ] --> Deallocated SUCESS! i-7EBF44E7 NODE0 from AZ5 None typ: regular
DEBUG   | T_lc0   | Virtual | set_host_id ] --> Host id NODE0 defined for i-3E704225 t:replica, az:AZ1
DEBUG   | T_AZ5   | Chave   | measure_energy ] --> Energy at 7200 from DEFAULT sec is 0 WH
INFO    | T_lc0   | Chave   | place    ] --> Allocating i-3E704225 in NODE0 replica AZ2
INFO    | T_lc0   | Chave   | region_replication ] --> Allocating REPLICA i-3E704225 on AZ2
DEBUG   | T_gvt   | Chave   | gvt      ] --> GVT s:7200, h:2
INFO    | T_AZ2   | Chave   | best_host ] --> Best host for i-52AF08F8-regular (vcpu:1) is NODE0 (cpu:4.0). ovbCount:0, tax:0 hasOvb? False.
DEBUG   | T_AZ2   | Virtual | set_host_id ] --> Host id NODE0 defined for i-52AF08F8 t:regular, az:AZ2
INFO    | T_AZ2   | Chave   | place    ] --> Allocating i-52AF08F8 in NODE0 regular AZ2
INFO    | T_AZ2   | Chave   | avg_energy_h ] --> Media da ultima HORA: 159.6175 WH at 2 h (7200 s)
DEBUG   | T_AZ2   | Chave   | measure_energy ] --> Energy at 7200 from START sec is 175.2 WH
INFO    | T_AZ3   | DistInfra| deallocate_on_host ] --> Deallocated SUCESS! i-59673D29 NODE0 from AZ3 None typ: regular
DEBUG   | T_AZ3   | Chave   | measure_energy ] --> Energy at 7260 from DEFAULT sec is 147.1 WH
INFO    | T_AZ1   | Physical| set_host_off ] --> NEW state in AZ1: NODE0 turned on? False
INFO    | T_AZ1   | DistInfra| deallocate_on_host ] --> Deallocated SUCESS! i-3E704225 NODE0 from AZ1 lc0_AZ1_i-3E704225 typ: critical
DEBUG   | T_AZ1   | Chave   | measure_energy ] --> Energy at 7740 from DEFAULT sec is 0 WH
INFO    | T_AZ1   | DistInfra| deallocate_on_host ] --> Deallocated SUCESS! i-3E704225 NODE0 from AZ2 lc0_AZ1_i-3E704225 typ: replica
DEBUG   | T_AZ1   | Chave   | measure_energy ] --> Energy at 7740 from replica sec is 168.99 WH
INFO    | T_AZ5   | Chave   | best_host ] --> Best host for i-53214187-regular (vcpu:2) is NODE0 (cpu:32.0). ovbCount:0, tax:0 hasOvb? False.
DEBUG   | T_AZ5   | Virtual | set_host_id ] --> Host id NODE0 defined for i-53214187 t:regular, az:AZ5
INFO    | T_AZ5   | Chave   | place    ] --> Allocating i-53214187 in NODE0 regular AZ5
INFO    | T_AZ5   | Physical| force_set_host_on ] --> NEW state: NODE0 turned on? True
DEBUG   | T_AZ5   | Chave   | measure_energy ] --> Energy at 7980 from START sec is 147.1 WH
INFO    | T_AZ6   | Chave   | best_host ] --> Best host for i-DD84430B-critical (vcpu:2) is NODE0 (cpu:32.0). ovbCount:0, tax:0 hasOvb? False.
INFO    | T_AZ6   | Chave   | require_replica ] --> i-DD84430B-critical require replication! AZ6=?AZ6
INFO    | T_AZ6   | Chave   | replicate_vm ] --> Pool lc1_AZ6_i-DD84430B created for replication
DEBUG   | T_AZ6   | Virtual | set_host_id ] --> Host id NODE0 defined for i-DD84430B t:critical, az:AZ6
INFO    | T_AZ6   | Chave   | place    ] --> Allocating i-DD84430B in NODE0 critical AZ6
INFO    | T_lc1   | DistInfra| get_hosts_density ] --> AZ AZ4 has 8.33333333333% hosts actives
INFO    | T_AZ6   | Physical| force_set_host_on ] --> NEW state: NODE0 turned on? True
INFO    | T_AZ3   | DistInfra| deallocate_on_host ] --> Deallocated SUCESS! i-DE9842F4 NODE0 from AZ3 None typ: regular
INFO    | T_lc1   | DistInfra| get_hosts_density ] --> AZ AZ5 has 3.22580645161% hosts actives
DEBUG   | T_AZ6   | Chave   | measure_energy ] --> Energy at 8640 from START sec is 147.1 WH
INFO    | T_AZ5   | Physical| set_host_off ] --> NEW state in AZ5: NODE0 turned on? False
INFO    | T_AZ5   | DistInfra| deallocate_on_host ] --> Deallocated SUCESS! i-53214187 NODE0 from AZ5 None typ: regular
DEBUG   | T_AZ3   | Chave   | measure_energy ] --> Energy at 8640 from DEFAULT sec is 139.91 WH
INFO    | T_lc1   | Chave   | choose_az_for_vm_replica ] --> VM i-DD84430B (from AZ6) will be replicated for AZ4
INFO    | T_AZ1   | Chave   | best_host ] --> Best host for i-367C4239-regular (vcpu:2) is NODE0 (cpu:24.0). ovbCount:0, tax:0 hasOvb? False.
DEBUG   | T_AZ5   | Chave   | measure_energy ] --> Energy at 8700 from DEFAULT sec is 0 WH
DEBUG   | T_AZ1   | Virtual | set_host_id ] --> Host id NODE0 defined for i-367C4239 t:regular, az:AZ1
INFO    | T_AZ1   | Chave   | place    ] --> Allocating i-367C4239 in NODE0 regular AZ1
INFO    | T_AZ6   | Physical| set_host_off ] --> NEW state in AZ6: NODE0 turned on? False
INFO    | T_AZ1   | Physical| force_set_host_on ] --> NEW state: NODE0 turned on? True
INFO    | T_AZ6   | DistInfra| deallocate_on_host ] --> Deallocated SUCESS! i-DD84430B NODE0 from AZ6 lc1_AZ6_i-DD84430B typ: critical
DEBUG   | T_AZ1   | Chave   | measure_energy ] --> Energy at 8940 from START sec is 147.1 WH
DEBUG   | T_AZ6   | Chave   | measure_energy ] --> Energy at 8940 from DEFAULT sec is 0 WH
INFO    | T_AZ1   | Chave   | best_host ] --> Best host for i-BED34065-critical (vcpu:1) is NODE0 (cpu:22.0). ovbCount:0, tax:0 hasOvb? False.
INFO    | T_AZ1   | Chave   | require_replica ] --> i-BED34065-critical require replication! AZ1=?AZ1
INFO    | T_AZ1   | Chave   | replicate_vm ] --> Pool lc0_AZ1_i-BED34065 created for replication
DEBUG   | T_AZ1   | Virtual | set_host_id ] --> Host id NODE0 defined for i-BED34065 t:critical, az:AZ1
INFO    | T_lc0   | DistInfra| get_hosts_density ] --> AZ AZ2 has 14.2857142857% hosts actives
INFO    | T_AZ1   | Chave   | place    ] --> Allocating i-BED34065 in NODE0 critical AZ1
INFO    | T_lc0   | DistInfra| get_hosts_density ] --> AZ AZ3 has 14.2857142857% hosts actives
DEBUG   | T_AZ1   | Chave   | measure_energy ] --> Energy at 9060 from START sec is 153.2 WH
INFO    | T_lc0   | Chave   | choose_az_for_vm_replica ] --> VM i-BED34065 (from AZ1) will be replicated for AZ2
INFO    | T_AZ1   | DistInfra| deallocate_on_host ] --> Deallocated SUCESS! i-BED34065 NODE0 from AZ1 lc0_AZ1_i-BED34065 typ: critical
INFO    | T_lc1   | Chave   | best_host ] --> Best host for i-DD84430B-replica (vcpu:2) is NODE0 (cpu:8.0). ovbCount:0, tax:0 hasOvb? False.
DEBUG   | T_AZ1   | Chave   | measure_energy ] --> Energy at 9120 from DEFAULT sec is 147.1 WH
DEBUG   | T_lc1   | Virtual | set_host_id ] --> Host id NODE0 defined for i-DD84430B t:replica, az:AZ6
INFO    | T_lc1   | Chave   | place    ] --> Allocating i-DD84430B in NODE0 replica AZ4
INFO    | T_lc1   | Physical| force_set_host_on ] --> NEW state: NODE0 turned on? True
INFO    | T_lc1   | Chave   | region_replication ] --> Allocating REPLICA i-DD84430B on AZ4
INFO    | T_AZ5   | Chave   | best_host ] --> Best host for i-CA7A42D9-regular (vcpu:4) is NODE0 (cpu:32.0). ovbCount:0, tax:0 hasOvb? False.
DEBUG   | T_AZ5   | Virtual | set_host_id ] --> Host id NODE0 defined for i-CA7A42D9 t:regular, az:AZ5
INFO    | T_AZ5   | Chave   | place    ] --> Allocating i-CA7A42D9 in NODE0 regular AZ5
INFO    | T_AZ5   | Physical| force_set_host_on ] --> NEW state: NODE0 turned on? True
DEBUG   | T_AZ5   | Chave   | measure_energy ] --> Energy at 9180 from START sec is 157.08 WH
INFO    | T_AZ2   | Chave   | best_host ] --> Best host for i-55E109F1-regular (vcpu:1) is NODE0 (cpu:5.0). ovbCount:0, tax:0 hasOvb? False.
DEBUG   | T_AZ2   | Virtual | set_host_id ] --> Host id NODE0 defined for i-55E109F1 t:regular, az:AZ2
INFO    | T_AZ2   | Chave   | place    ] --> Allocating i-55E109F1 in NODE0 regular AZ2
DEBUG   | T_AZ2   | Chave   | measure_energy ] --> Energy at 9240 from START sec is 172.52 WH
INFO    | T_AZ3   | Chave   | best_host ] --> Best host for i-1DCF40C2-regular (vcpu:1) is NODE0 (cpu:7.0). ovbCount:0, tax:0 hasOvb? False.
DEBUG   | T_AZ3   | Virtual | set_host_id ] --> Host id NODE0 defined for i-1DCF40C2 t:regular, az:AZ3
INFO    | T_AZ3   | Chave   | place    ] --> Allocating i-1DCF40C2 in NODE0 regular AZ3
DEBUG   | T_AZ3   | Chave   | measure_energy ] --> Energy at 9240 from START sec is 147.1 WH
INFO    | T_AZ3   | DistInfra| deallocate_on_host ] --> Deallocated SUCESS! i-1DCF40C2 NODE0 from AZ3 None typ: regular
DEBUG   | T_AZ3   | Chave   | measure_energy ] --> Energy at 9240 from DEFAULT sec is 139.91 WH
INFO    | T_lc0   | Chave   | best_host ] --> Best host for i-BED34065-replica (vcpu:1) is NODE0 (cpu:4.0). ovbCount:0, tax:0 hasOvb? False.
DEBUG   | T_lc0   | Virtual | set_host_id ] --> Host id NODE0 defined for i-BED34065 t:replica, az:AZ1
INFO    | T_lc0   | Chave   | place    ] --> Allocating i-BED34065 in NODE0 replica AZ2
INFO    | T_lc0   | Chave   | region_replication ] --> Allocating REPLICA i-BED34065 on AZ2
INFO    | T_AZ3   | Chave   | best_host ] --> Best host for i-3C754083-regular (vcpu:1) is NODE0 (cpu:7.0). ovbCount:0, tax:0 hasOvb? False.
DEBUG   | T_AZ3   | Virtual | set_host_id ] --> Host id NODE0 defined for i-3C754083 t:regular, az:AZ3
INFO    | T_AZ3   | Chave   | place    ] --> Allocating i-3C754083 in NODE0 regular AZ3
DEBUG   | T_AZ3   | Chave   | measure_energy ] --> Energy at 9316 from START sec is 147.1 WH
INFO    | T_AZ2   | Chave   | best_host ] --> Best host for i-4DC408FF-critical (vcpu:1) is NODE0 (cpu:3.0). ovbCount:0, tax:0 hasOvb? False.
INFO    | T_AZ5   | Physical| set_host_off ] --> NEW state in AZ5: NODE0 turned on? False
INFO    | T_AZ1   | Physical| set_host_off ] --> NEW state in AZ1: NODE0 turned on? False
INFO    | T_AZ2   | Chave   | require_replica ] --> i-4DC408FF-critical require replication! AZ2=?AZ2
INFO    | T_AZ5   | DistInfra| deallocate_on_host ] --> Deallocated SUCESS! i-CA7A42D9 NODE0 from AZ5 None typ: regular
INFO    | T_AZ1   | DistInfra| deallocate_on_host ] --> Deallocated SUCESS! i-367C4239 NODE0 from AZ1 None typ: regular
DEBUG   | T_AZ1   | Chave   | measure_energy ] --> Energy at 9540 from DEFAULT sec is 0 WH
INFO    | T_lc0   | DistInfra| get_hosts_density ] --> AZ AZ1 has 0.0% hosts actives
DEBUG   | T_AZ5   | Chave   | measure_energy ] --> Energy at 9540 from DEFAULT sec is 0 WH
INFO    | T_AZ2   | Chave   | replicate_vm ] --> Pool lc0_AZ2_i-4DC408FF created for replication
INFO    | T_lc0   | DistInfra| get_hosts_density ] --> AZ AZ3 has 14.2857142857% hosts actives
DEBUG   | T_AZ2   | Virtual | set_host_id ] --> Host id NODE0 defined for i-4DC408FF t:critical, az:AZ2
INFO    | T_lc0   | Chave   | choose_az_for_vm_replica ] --> VM i-4DC408FF (from AZ2) will be replicated for AZ3
INFO    | T_AZ2   | Chave   | place    ] --> Allocating i-4DC408FF in NODE0 critical AZ2
DEBUG   | T_AZ2   | Chave   | measure_energy ] --> Energy at 9660 from START sec is 178.66 WH
INFO    | T_lc0   | Chave   | best_host ] --> Best host for i-4DC408FF-replica (vcpu:1) is NODE0 (cpu:6.0). ovbCount:0, tax:0 hasOvb? False.
DEBUG   | T_lc0   | Virtual | set_host_id ] --> Host id NODE0 defined for i-4DC408FF t:replica, az:AZ2
INFO    | T_lc0   | Chave   | place    ] --> Allocating i-4DC408FF in NODE0 replica AZ3
INFO    | T_lc0   | Chave   | region_replication ] --> Allocating REPLICA i-4DC408FF on AZ3
INFO    | T_AZ5   | Chave   | best_host ] --> Best host for i-3F7B4345-critical (vcpu:2) is NODE0 (cpu:32.0). ovbCount:0, tax:0 hasOvb? False.
INFO    | T_AZ5   | Chave   | require_replica ] --> i-3F7B4345-critical require replication! AZ5=?AZ5
INFO    | T_AZ5   | Chave   | replicate_vm ] --> Pool lc1_AZ5_i-3F7B4345 created for replication
INFO    | T_lc1   | DistInfra| get_hosts_density ] --> AZ AZ4 has 16.6666666667% hosts actives
INFO    | T_AZ3   | DistInfra| deallocate_on_host ] --> Deallocated SUCESS! i-3C754083 NODE0 from AZ3 None typ: regular
DEBUG   | T_AZ3   | Chave   | measure_energy ] --> Energy at 9960 from DEFAULT sec is 147.1 WH
INFO    | T_lc1   | DistInfra| get_hosts_density ] --> AZ AZ6 has 0.0% hosts actives
DEBUG   | T_AZ5   | Virtual | set_host_id ] --> Host id NODE0 defined for i-3F7B4345 t:critical, az:AZ5
INFO    | T_AZ5   | Chave   | place    ] --> Allocating i-3F7B4345 in NODE0 critical AZ5
INFO    | T_lc1   | Chave   | choose_az_for_vm_replica ] --> VM i-3F7B4345 (from AZ5) will be replicated for AZ4
INFO    | T_AZ5   | Physical| force_set_host_on ] --> NEW state: NODE0 turned on? True
DEBUG   | T_AZ5   | Chave   | measure_energy ] --> Energy at 10080 from START sec is 147.1 WH
INFO    | T_AZ1   | Chave   | best_host ] --> Best host for i-AB963FAD-regular (vcpu:1) is NODE0 (cpu:24.0). ovbCount:0, tax:0 hasOvb? False.
DEBUG   | T_AZ1   | Virtual | set_host_id ] --> Host id NODE0 defined for i-AB963FAD t:regular, az:AZ1
INFO    | T_AZ1   | Chave   | place    ] --> Allocating i-AB963FAD in NODE0 regular AZ1
INFO    | T_AZ1   | Physical| force_set_host_on ] --> NEW state: NODE0 turned on? True
DEBUG   | T_AZ1   | Chave   | measure_energy ] --> Energy at 10260 from START sec is 139.91 WH
INFO    | T_lc1   | Chave   | best_host ] --> Best host for i-3F7B4345-replica (vcpu:2) is NODE0 (cpu:6.0). ovbCount:0, tax:0 hasOvb? False.
DEBUG   | T_lc1   | Virtual | set_host_id ] --> Host id NODE0 defined for i-3F7B4345 t:replica, az:AZ5
INFO    | T_lc1   | Chave   | place    ] --> Allocating i-3F7B4345 in NODE0 replica AZ4
INFO    | T_lc1   | Chave   | region_replication ] --> Allocating REPLICA i-3F7B4345 on AZ4
INFO    | T_AZ6   | Chave   | best_host ] --> Best host for i-9343446A-regular (vcpu:2) is NODE0 (cpu:32.0). ovbCount:0, tax:0 hasOvb? False.
DEBUG   | T_AZ6   | Virtual | set_host_id ] --> Host id NODE0 defined for i-9343446A t:regular, az:AZ6
INFO    | T_AZ6   | Chave   | place    ] --> Allocating i-9343446A in NODE0 regular AZ6
INFO    | T_AZ6   | Physical| force_set_host_on ] --> NEW state: NODE0 turned on? True
INFO    | T_AZ1   | Physical| set_host_off ] --> NEW state in AZ1: NODE0 turned on? False
INFO    | T_AZ2   | DistInfra| deallocate_on_host ] --> Deallocated SUCESS! i-49F207B6 NODE0 from AZ2 None typ: regular
DEBUG   | T_AZ6   | Chave   | measure_energy ] --> Energy at 10440 from START sec is 147.1 WH
INFO    | T_AZ5   | Physical| set_host_off ] --> NEW state in AZ5: NODE0 turned on? False
INFO    | T_AZ1   | DistInfra| deallocate_on_host ] --> Deallocated SUCESS! i-AB963FAD NODE0 from AZ1 None typ: regular
DEBUG   | T_AZ2   | Chave   | measure_energy ] --> Energy at 10440 from DEFAULT sec is 175.2 WH
INFO    | T_AZ2   | DistInfra| deallocate_on_host ] --> Deallocated SUCESS! i-310005BF NODE0 from AZ2 None typ: regular
INFO    | T_AZ5   | DistInfra| deallocate_on_host ] --> Deallocated SUCESS! i-3F7B4345 NODE0 from AZ5 lc1_AZ5_i-3F7B4345 typ: critical
DEBUG   | T_AZ1   | Chave   | measure_energy ] --> Energy at 10500 from DEFAULT sec is 0 WH
DEBUG   | T_AZ2   | Chave   | measure_energy ] --> Energy at 10500 from DEFAULT sec is 172.52 WH
DEBUG   | T_AZ5   | Chave   | measure_energy ] --> Energy at 10500 from DEFAULT sec is 0 WH
INFO    | T_AZ5   | DistInfra| deallocate_on_host ] --> Deallocated SUCESS! i-3F7B4345 NODE0 from AZ4 lc1_AZ5_i-3F7B4345 typ: replica
DEBUG   | T_AZ5   | Chave   | measure_energy ] --> Energy at 10560 from replica sec is 304.18 WH
INFO    | T_AZ2   | DistInfra| deallocate_on_host ] --> Deallocated SUCESS! i-3CD1084F NODE0 from AZ2 None typ: regular
INFO    | T_AZ3   | Chave   | best_host ] --> Best host for i-7CA34122-regular (vcpu:1) is NODE0 (cpu:6.0). ovbCount:0, tax:0 hasOvb? False.
INFO    | T_AZ6   | Physical| set_host_off ] --> NEW state in AZ6: NODE0 turned on? False
DEBUG   | T_AZ2   | Chave   | measure_energy ] --> Energy at 10560 from DEFAULT sec is 168.99 WH
DEBUG   | T_AZ3   | Virtual | set_host_id ] --> Host id NODE0 defined for i-7CA34122 t:regular, az:AZ3
INFO    | T_AZ6   | DistInfra| deallocate_on_host ] --> Deallocated SUCESS! i-9343446A NODE0 from AZ6 None typ: regular
DEBUG   | T_AZ6   | Chave   | measure_energy ] --> Energy at 10620 from DEFAULT sec is 0 WH
INFO    | T_AZ2   | DistInfra| deallocate_on_host ] --> Deallocated SUCESS! i-3FC3072C NODE0 from AZ2 None typ: regular
INFO    | T_AZ3   | Chave   | place    ] --> Allocating i-7CA34122 in NODE0 regular AZ3
DEBUG   | T_AZ3   | Chave   | measure_energy ] --> Energy at 10620 from START sec is 153.2 WH
INFO    | T_AZ3   | DistInfra| deallocate_on_host ] --> Deallocated SUCESS! i-7CA34122 NODE0 from AZ3 None typ: regular
DEBUG   | T_AZ3   | Chave   | measure_energy ] --> Energy at 10620 from DEFAULT sec is 147.1 WH
DEBUG   | T_AZ2   | Chave   | measure_energy ] --> Energy at 10620 from DEFAULT sec is 166.61 WH
INFO    | T_AZ2   | DistInfra| deallocate_on_host ] --> Deallocated SUCESS! i-44760829 NODE0 from AZ2 None typ: regular
DEBUG   | T_AZ2   | Chave   | measure_energy ] --> Energy at 10620 from DEFAULT sec is 161.58 WH
INFO    | T_AZ2   | DistInfra| deallocate_on_host ] --> Deallocated SUCESS! i-47CB0883 NODE0 from AZ2 lc0_AZ2_i-47CB0883 typ: critical
DEBUG   | T_AZ2   | Chave   | measure_energy ] --> Energy at 10800 from DEFAULT sec is 157.08 WH
INFO    | T_AZ2   | DistInfra| deallocate_on_host ] --> Deallocated SUCESS! i-47CB0883 NODE0 from AZ3 lc0_AZ2_i-47CB0883 typ: replica
DEBUG   | T_AZ2   | Chave   | measure_energy ] --> Energy at 10800 from replica sec is 139.91 WH
DEBUG   | T_gvt   | Chave   | gvt      ] --> GVT s:10800, h:3
INFO    | T_AZ2   | DistInfra| deallocate_on_host ] --> Deallocated SUCESS! i-52AF08F8 NODE0 from AZ2 None typ: regular
DEBUG   | T_AZ2   | Chave   | measure_energy ] --> Energy at 10860 from DEFAULT sec is 153.2 WH
INFO    | T_AZ2   | DistInfra| deallocate_on_host ] --> Deallocated SUCESS! i-55E109F1 NODE0 from AZ2 None typ: regular
DEBUG   | T_AZ2   | Chave   | measure_energy ] --> Energy at 10920 from DEFAULT sec is 147.1 WH
INFO    | T_AZ2   | DistInfra| deallocate_on_host ] --> Deallocated SUCESS! i-4DC408FF NODE0 from AZ2 lc0_AZ2_i-4DC408FF typ: critical
DEBUG   | T_AZ2   | Chave   | measure_energy ] --> Energy at 10920 from DEFAULT sec is 139.91 WH
INFO    | T_AZ2   | Physical| set_host_off ] --> NEW state in AZ3: NODE0 turned on? False
INFO    | T_AZ2   | DistInfra| deallocate_on_host ] --> Deallocated SUCESS! i-4DC408FF NODE0 from AZ3 lc0_AZ2_i-4DC408FF typ: replica
DEBUG   | T_AZ2   | Chave   | measure_energy ] --> Energy at 10980 from replica sec is 0 WH
INFO    | T_gvt   | Chave   | gvt      ] --> End of GVT!
INFO    | T_lc1   | Chave   | region_replication ] --> Exit for T_lc1 13983 lc1
INFO    | T_lc0   | Chave   | region_replication ] --> Exit for T_lc0 13983 lc0
INFO    | T_AZ5   | Chave   | az_optimized_placement ] --> Exit for T_AZ5 13983 AZ5
INFO    | T_AZ4   | Physical| set_host_off ] --> NEW state in AZ4: NODE4 turned on? False
INFO    | T_AZ1   | Chave   | az_optimized_placement ] --> Exit for T_AZ1 13983 AZ1
INFO    | T_AZ2   | Chave   | az_optimized_placement ] --> Exit for T_AZ2 13983 AZ2
INFO    | T_AZ3   | Chave   | az_optimized_placement ] --> Exit for T_AZ3 13983 AZ3
INFO    | T_AZ6   | Chave   | az_optimized_placement ] --> Exit for T_AZ6 13983 AZ6
INFO    | T_AZ4   | DistInfra| deallocate_on_host ] --> Deallocated SUCESS! i-74F842C4 NODE4 from AZ4 None typ: regular
DEBUG   | T_AZ4   | Chave   | measure_energy ] --> Energy at 13983 from DEFAULT sec is 147.1 WH
INFO    | T_AZ4   | Chave   | az_optimized_placement ] --> Exit for T_AZ4 13983 AZ4
